This file contains any messages produced by compilers while
running configure, to aid debugging if configure makes a mistake.

It was created by myconfig configure version-0.1, which was
generated by GNU Autoconf 2.63.  Invocation command line was

  $ ./configure 

## --------- ##
## Platform. ##
## --------- ##

hostname = cg-gpu01
uname -m = x86_64
uname -r = 2.6.32-642.4.2.el6.x86_64
uname -s = Linux
uname -v = #1 SMP Tue Aug 23 19:58:13 UTC 2016

/usr/bin/uname -p = unknown
/bin/uname -X     = unknown

/bin/arch              = x86_64
/usr/bin/arch -k       = unknown
/usr/convex/getsysinfo = unknown
/usr/bin/hostinfo      = unknown
/bin/machine           = unknown
/usr/bin/oslevel       = unknown
/bin/universe          = unknown

PATH: /sw/cuda/7.0/bin
PATH: /sw/EasyBuild/software/MPICH/3.1.4-GCC-4.9.2-binutils-2.25/bin
PATH: /sw/EasyBuild/software/GCC/4.9.2-binutils-2.25/bin
PATH: /sw/binutils-2.25/bin
PATH: /usr/lib64/qt-3.3/bin
PATH: /usr/local/bin
PATH: /bin
PATH: /usr/bin
PATH: /usr/local/sbin
PATH: /usr/sbin
PATH: /sbin
PATH: /usr/local/maui/sbin
PATH: /usr/local/maui/bin
PATH: /gpfs_scratch/ncasler/icommands
PATH: //gpfs_scratch/ncasler/lua/bin/lua
PATH: /home/ncasler/bin


## ----------- ##
## Core tests. ##
## ----------- ##

configure:1706: Hello, world.

## ---------------- ##
## Cache variables. ##
## ---------------- ##

ac_cv_env_build_alias_set=
ac_cv_env_build_alias_value=
ac_cv_env_host_alias_set=
ac_cv_env_host_alias_value=
ac_cv_env_target_alias_set=
ac_cv_env_target_alias_value=

## ----------------- ##
## Output variables. ##
## ----------------- ##

DEFS=''
ECHO_C=''
ECHO_N='-n'
ECHO_T=''
LIBS=''
PACKAGE_BUGREPORT=''
PACKAGE_NAME='myconfig'
PACKAGE_STRING='myconfig version-0.1'
PACKAGE_TARNAME='myconfig'
PACKAGE_VERSION='version-0.1'
PATH_SEPARATOR=':'
SHELL='/bin/sh'
bindir='${exec_prefix}/bin'
build_alias=''
datadir='${datarootdir}'
datarootdir='${prefix}/share'
docdir='${datarootdir}/doc/${PACKAGE_TARNAME}'
dvidir='${docdir}'
exec_prefix='NONE'
host_alias=''
htmldir='${docdir}'
includedir='${prefix}/include'
infodir='${datarootdir}/info'
libdir='${exec_prefix}/lib'
libexecdir='${exec_prefix}/libexec'
localedir='${datarootdir}/locale'
localstatedir='${prefix}/var'
mandir='${datarootdir}/man'
oldincludedir='/usr/include'
pdfdir='${docdir}'
prefix='NONE'
program_transform_name='s,x,x,'
psdir='${docdir}'
sbindir='${exec_prefix}/sbin'
sharedstatedir='${prefix}/com'
sysconfdir='${prefix}/etc'
target_alias=''

## ----------- ##
## confdefs.h. ##
## ----------- ##

#define PACKAGE_NAME "myconfig"
#define PACKAGE_TARNAME "myconfig"
#define PACKAGE_VERSION "version-0.1"
#define PACKAGE_STRING "myconfig version-0.1"
#define PACKAGE_BUGREPORT ""

configure: exit 0
